four peaks
RHC: 200.0
SA: 200.0
GA: 30.0
MIMIC: 90.0
count ones
RHC: 71.0
SA: 59.0
GA: 50.0
MIMIC: 77.0
continuous peaks
RHC: 60.0
SA: 113.0
GA: 78.0
MIMIC: 107.0
Running knapsack
RHC: 2759.62373063
SA: 2913.37157392
GA: 3216.42277426
MIMIC: 3297.8939522
Running abalone test
Running traveling salesman test
RHC Inverse of Distance: 0.134363607876
Route:
[38, 20, 35, 42, 9, 31, 14, 8, 19, 30, 34, 47, 5, 4, 7, 39, 24, 13, 1, 12, 37, 26, 48, 11, 46, 16, 18, 0, 6, 27, 28, 41, 21, 43, 2, 32, 40, 15, 17, 45, 44, 10, 23, 49, 25, 22, 29, 36, 33, 3]
SA Inverse of Distance: 0.127873800094
Route:
[1, 13, 8, 19, 47, 5, 4, 7, 22, 39, 23, 10, 44, 45, 17, 32, 2, 41, 31, 9, 43, 21, 35, 20, 42, 46, 48, 49, 11, 24, 25, 16, 30, 34, 29, 36, 33, 3, 18, 27, 6, 38, 0, 28, 14, 12, 40, 15, 37, 26]
GA Inverse of Distance: 0.149392783052
Route:
[28, 27, 6, 18, 3, 33, 36, 29, 5, 34, 47, 30, 19, 8, 16, 46, 25, 22, 24, 13, 11, 49, 23, 10, 44, 45, 17, 37, 15, 26, 1, 12, 40, 32, 2, 43, 21, 9, 41, 31, 14, 48, 39, 7, 4, 38, 0, 20, 35, 42]
MIMIC Inverse of Distance: 0.106090417733
Route:
array('i', [22, 25, 13, 42, 35, 20, 38, 3, 49, 11, 23, 39, 34, 5, 0, 27, 6, 28, 8, 24, 48, 45, 44, 17, 10, 19, 47, 30, 4, 7, 29, 36, 33, 18, 31, 9, 21, 43, 2, 32, 40, 1, 15, 26, 37, 12, 41, 14, 46, 16])
